<?xml version="1.0" encoding="UTF-8"?>
<!-- Generated by org.testng.reporters.JUnitReportReporter -->
<testsuite hostname="LAPTOP-JTE755OA" failures="0" tests="1" name="holistapetSite.ProductValidation" time="8574.461" errors="0" timestamp="2021-12-23T13:17:02 IST" skipped="0">
  <testcase classname="holistapetSite.ProductValidation" name="start" time="8574.461"/>
  <system-out/>
</testsuite> <!-- holistapetSite.ProductValidation -->
